{"D:\\Faculdade\\Cursos\\React\\projeto-1\\src\\Components\\Button\\index.jsx": {"path":"D:\\Faculdade\\Cursos\\React\\projeto-1\\src\\Components\\Button\\index.jsx","statementMap":{"0":{"start":{"line":7,"column":42},"end":{"line":7,"column":52}},"1":{"start":{"line":8,"column":8},"end":{"line":18,"column":18}}},"fnMap":{"0":{"name":"(anonymous_0)","decl":{"start":{"line":6,"column":4},"end":{"line":6,"column":5}},"loc":{"start":{"line":6,"column":13},"end":{"line":19,"column":5}},"line":6}},"branchMap":{},"s":{"0":4,"1":4},"f":{"0":4},"b":{},"_coverageSchema":"1a1c01bbd47fc00a2c39e90264f33305004495a9","hash":"b1e2dfd396cd9c45b95fde5fe3af9359dbee6e4e"}
,"D:\\Faculdade\\Cursos\\React\\projeto-1\\src\\Components\\PostCard\\index.jsx": {"path":"D:\\Faculdade\\Cursos\\React\\projeto-1\\src\\Components\\PostCard\\index.jsx","statementMap":{"0":{"start":{"line":4,"column":24},"end":{"line":13,"column":1}},"1":{"start":{"line":5,"column":2},"end":{"line":12,"column":8}}},"fnMap":{"0":{"name":"(anonymous_0)","decl":{"start":{"line":4,"column":24},"end":{"line":4,"column":25}},"loc":{"start":{"line":5,"column":2},"end":{"line":12,"column":8}},"line":5}},"branchMap":{},"s":{"0":2,"1":8},"f":{"0":8},"b":{},"_coverageSchema":"1a1c01bbd47fc00a2c39e90264f33305004495a9","hash":"e10c4b617a238486a3ac5acaccc0dfd762e2acb3"}
,"D:\\Faculdade\\Cursos\\React\\projeto-1\\src\\Components\\PostCard\\mock.js": {"path":"D:\\Faculdade\\Cursos\\React\\projeto-1\\src\\Components\\PostCard\\mock.js","statementMap":{"0":{"start":{"line":1,"column":33},"end":{"line":6,"column":1}}},"fnMap":{},"branchMap":{},"s":{"0":1},"f":{},"b":{},"_coverageSchema":"1a1c01bbd47fc00a2c39e90264f33305004495a9","hash":"bf5ccf6d9632244ad69c6e636eb32b9f23ad0c8f"}
,"D:\\Faculdade\\Cursos\\React\\projeto-1\\src\\Components\\Posts\\index.jsx": {"path":"D:\\Faculdade\\Cursos\\React\\projeto-1\\src\\Components\\Posts\\index.jsx","statementMap":{"0":{"start":{"line":4,"column":21},"end":{"line":12,"column":7}},"1":{"start":{"line":4,"column":40},"end":{"line":12,"column":6}},"2":{"start":{"line":7,"column":6},"end":{"line":7,"column":100}}},"fnMap":{"0":{"name":"(anonymous_0)","decl":{"start":{"line":4,"column":21},"end":{"line":4,"column":22}},"loc":{"start":{"line":4,"column":40},"end":{"line":12,"column":6}},"line":4},"1":{"name":"(anonymous_1)","decl":{"start":{"line":6,"column":15},"end":{"line":6,"column":16}},"loc":{"start":{"line":7,"column":6},"end":{"line":7,"column":100}},"line":7}},"branchMap":{"0":{"loc":{"start":{"line":4,"column":23},"end":{"line":4,"column":33}},"type":"default-arg","locations":[{"start":{"line":4,"column":31},"end":{"line":4,"column":33}}],"line":4}},"s":{"0":1,"1":3,"2":6},"f":{"0":3,"1":6},"b":{"0":[1]},"_coverageSchema":"1a1c01bbd47fc00a2c39e90264f33305004495a9","hash":"ee35d064fe229f510933032f922ddb479459ae84"}
,"D:\\Faculdade\\Cursos\\React\\projeto-1\\src\\Components\\TextInput\\index.jsx": {"path":"D:\\Faculdade\\Cursos\\React\\projeto-1\\src\\Components\\TextInput\\index.jsx","statementMap":{"0":{"start":{"line":3,"column":25},"end":{"line":7,"column":1}},"1":{"start":{"line":4,"column":4},"end":{"line":6,"column":5}}},"fnMap":{"0":{"name":"(anonymous_0)","decl":{"start":{"line":3,"column":25},"end":{"line":3,"column":26}},"loc":{"start":{"line":3,"column":58},"end":{"line":7,"column":1}},"line":3}},"branchMap":{},"s":{"0":1,"1":3},"f":{"0":3},"b":{},"_coverageSchema":"1a1c01bbd47fc00a2c39e90264f33305004495a9","hash":"7772d159a864c25241a15556d4cb03911a172e89"}
,"D:\\Faculdade\\Cursos\\React\\projeto-1\\src\\Templates\\Home\\index.jsx": {"path":"D:\\Faculdade\\Cursos\\React\\projeto-1\\src\\Templates\\Home\\index.jsx","statementMap":{"0":{"start":{"line":17,"column":20},"end":{"line":102,"column":1}},"1":{"start":{"line":26,"column":28},"end":{"line":26,"column":40}},"2":{"start":{"line":27,"column":34},"end":{"line":27,"column":46}},"3":{"start":{"line":28,"column":26},"end":{"line":28,"column":37}},"4":{"start":{"line":29,"column":25},"end":{"line":29,"column":37}},"5":{"start":{"line":30,"column":40},"end":{"line":30,"column":50}},"6":{"start":{"line":32,"column":22},"end":{"line":32,"column":61}},"7":{"start":{"line":34,"column":24},"end":{"line":36,"column":12}},"8":{"start":{"line":35,"column":4},"end":{"line":35,"column":73}},"9":{"start":{"line":39,"column":27},"end":{"line":45,"column":9}},"10":{"start":{"line":41,"column":28},"end":{"line":41,"column":45}},"11":{"start":{"line":43,"column":5},"end":{"line":43,"column":55}},"12":{"start":{"line":44,"column":5},"end":{"line":44,"column":33}},"13":{"start":{"line":47,"column":3},"end":{"line":49,"column":38}},"14":{"start":{"line":48,"column":4},"end":{"line":48,"column":36}},"15":{"start":{"line":53,"column":24},"end":{"line":57,"column":4}},"16":{"start":{"line":54,"column":20},"end":{"line":54,"column":28}},"17":{"start":{"line":56,"column":4},"end":{"line":56,"column":26}},"18":{"start":{"line":59,"column":25},"end":{"line":68,"column":4}},"19":{"start":{"line":61,"column":22},"end":{"line":61,"column":41}},"20":{"start":{"line":62,"column":23},"end":{"line":62,"column":72}},"21":{"start":{"line":63,"column":5},"end":{"line":63,"column":72}},"22":{"start":{"line":64,"column":5},"end":{"line":64,"column":30}},"23":{"start":{"line":66,"column":5},"end":{"line":66,"column":21}},"24":{"start":{"line":67,"column":5},"end":{"line":67,"column":23}},"25":{"start":{"line":71,"column":2},"end":{"line":101,"column":8}}},"fnMap":{"0":{"name":"(anonymous_0)","decl":{"start":{"line":17,"column":20},"end":{"line":17,"column":21}},"loc":{"start":{"line":17,"column":26},"end":{"line":102,"column":1}},"line":17},"1":{"name":"(anonymous_1)","decl":{"start":{"line":34,"column":57},"end":{"line":34,"column":58}},"loc":{"start":{"line":34,"column":66},"end":{"line":36,"column":3}},"line":34},"2":{"name":"(anonymous_2)","decl":{"start":{"line":39,"column":39},"end":{"line":39,"column":40}},"loc":{"start":{"line":39,"column":69},"end":{"line":45,"column":4}},"line":39},"3":{"name":"(anonymous_3)","decl":{"start":{"line":47,"column":13},"end":{"line":47,"column":14}},"loc":{"start":{"line":47,"column":18},"end":{"line":49,"column":3}},"line":47},"4":{"name":"(anonymous_4)","decl":{"start":{"line":53,"column":24},"end":{"line":53,"column":25}},"loc":{"start":{"line":53,"column":31},"end":{"line":57,"column":4}},"line":53},"5":{"name":"(anonymous_5)","decl":{"start":{"line":59,"column":25},"end":{"line":59,"column":26}},"loc":{"start":{"line":59,"column":31},"end":{"line":68,"column":4}},"line":59}},"branchMap":{"0":{"loc":{"start":{"line":34,"column":24},"end":{"line":36,"column":12}},"type":"cond-expr","locations":[{"start":{"line":34,"column":40},"end":{"line":36,"column":4}},{"start":{"line":36,"column":7},"end":{"line":36,"column":12}}],"line":34},"1":{"loc":{"start":{"line":74,"column":42},"end":{"line":78,"column":7}},"type":"binary-expr","locations":[{"start":{"line":74,"column":42},"end":{"line":74,"column":55}},{"start":{"line":75,"column":8},"end":{"line":77,"column":9}}],"line":74},"2":{"loc":{"start":{"line":83,"column":7},"end":{"line":83,"column":67}},"type":"binary-expr","locations":[{"start":{"line":83,"column":7},"end":{"line":83,"column":31}},{"start":{"line":83,"column":36},"end":{"line":83,"column":66}}],"line":83},"3":{"loc":{"start":{"line":85,"column":7},"end":{"line":85,"column":63}},"type":"binary-expr","locations":[{"start":{"line":85,"column":7},"end":{"line":85,"column":33}},{"start":{"line":85,"column":38},"end":{"line":85,"column":62}}],"line":85},"4":{"loc":{"start":{"line":89,"column":8},"end":{"line":96,"column":9}},"type":"binary-expr","locations":[{"start":{"line":89,"column":8},"end":{"line":89,"column":20}},{"start":{"line":90,"column":10},"end":{"line":95,"column":15}}],"line":89}},"s":{"0":0,"1":0,"2":0,"3":0,"4":0,"5":0,"6":0,"7":0,"8":0,"9":0,"10":0,"11":0,"12":0,"13":0,"14":0,"15":0,"16":0,"17":0,"18":0,"19":0,"20":0,"21":0,"22":0,"23":0,"24":0,"25":0},"f":{"0":0,"1":0,"2":0,"3":0,"4":0,"5":0},"b":{"0":[0,0],"1":[0,0],"2":[0,0],"3":[0,0],"4":[0,0]}}
}
